# JRE version: OpenJDK Runtime Environment (8.0_242-b01) (build 1.8.0_242-release-1644-b01)
# Java VM: OpenJDK 64-Bit Server VM (25.242-b01 mixed mode windows-amd64 compressed oops)
Heap:
 PSYoungGen      total 646144K, used 91250K [0x00000000d5580000, 0x00000000ffc00000, 0x0000000100000000)
  eden space 602624K, 14% used [0x00000000d5580000,0x00000000da8d89a8,0x00000000fa200000)
  from space 43520K, 13% used [0x00000000fd180000,0x00000000fd744038,0x00000000ffc00000)
  to   space 46080K, 0% used [0x00000000fa200000,0x00000000fa200000,0x00000000fcf00000)
 ParOldGen       total 287744K, used 172907K [0x0000000080000000, 0x0000000091900000, 0x00000000d5580000)
  object space 287744K, 60% used [0x0000000080000000,0x000000008a8daf48,0x0000000091900000)
 Metaspace       used 110052K, capacity 117392K, committed 117592K, reserved 1150976K
  class space    used 14546K, capacity 15920K, committed 16000K, reserved 1048576K
GC Heap History (10 events):
Event: 1607.823 GC heap before
{Heap before GC invocations=26 (full 4):
 PSYoungGen      total 508928K, used 466855K [0x00000000d5580000, 0x00000000fe300000, 0x0000000100000000)
  eden space 455680K, 100% used [0x00000000d5580000,0x00000000f1280000,0x00000000f1280000)
  from space 53248K, 20% used [0x00000000f1280000,0x00000000f1d69c98,0x00000000f4680000)
  to   space 51712K, 0% used [0x00000000fb080000,0x00000000fb080000,0x00000000fe300000)
 ParOldGen       total 287744K, used 143218K [0x0000000080000000, 0x0000000091900000, 0x00000000d5580000)
  object space 287744K, 49% used [0x0000000080000000,0x0000000088bdca50,0x0000000091900000)
 Metaspace       used 109815K, capacity 117130K, committed 117336K, reserved 1150976K
  class space    used 14546K, capacity 15919K, committed 16000K, reserved 1048576K
Event: 1607.835 GC heap after
Heap after GC invocations=26 (full 4):
 PSYoungGen      total 612352K, used 6176K [0x00000000d5580000, 0x00000000fe000000, 0x0000000100000000)
  eden space 563712K, 0% used [0x00000000d5580000,0x00000000d5580000,0x00000000f7c00000)
  from space 48640K, 12% used [0x00000000fb080000,0x00000000fb688000,0x00000000fe000000)
  to   space 51200K, 0% used [0x00000000f7c00000,0x00000000f7c00000,0x00000000fae00000)
 ParOldGen       total 287744K, used 152982K [0x0000000080000000, 0x0000000091900000, 0x00000000d5580000)
  object space 287744K, 53% used [0x0000000080000000,0x0000000089565868,0x0000000091900000)
 Metaspace       used 109815K, capacity 117130K, committed 117336K, reserved 1150976K
  class space    used 14546K, capacity 15919K, committed 16000K, reserved 1048576K
}
Event: 1608.297 GC heap before
{Heap before GC invocations=27 (full 4):
 PSYoungGen      total 612352K, used 569888K [0x00000000d5580000, 0x00000000fe000000, 0x0000000100000000)
  eden space 563712K, 100% used [0x00000000d5580000,0x00000000f7c00000,0x00000000f7c00000)
  from space 48640K, 12% used [0x00000000fb080000,0x00000000fb688000,0x00000000fe000000)
  to   space 51200K, 0% used [0x00000000f7c00000,0x00000000f7c00000,0x00000000fae00000)
 ParOldGen       total 287744K, used 152982K [0x0000000080000000, 0x0000000091900000, 0x00000000d5580000)
  object space 287744K, 53% used [0x0000000080000000,0x0000000089565868,0x0000000091900000)
 Metaspace       used 109880K, capacity 117202K, committed 117336K, reserved 1150976K
  class space    used 14546K, capacity 15919K, committed 16000K, reserved 1048576K
Event: 1608.311 GC heap after
Heap after GC invocations=27 (full 4):
 PSYoungGen      total 614912K, used 7744K [0x00000000d5580000, 0x0000000100000000, 0x0000000100000000)
  eden space 563712K, 0% used [0x00000000d5580000,0x00000000d5580000,0x00000000f7c00000)
  from space 51200K, 15% used [0x00000000f7c00000,0x00000000f8390010,0x00000000fae00000)
  to   space 50176K, 0% used [0x00000000fcf00000,0x00000000fcf00000,0x0000000100000000)
 ParOldGen       total 287744K, used 158338K [0x0000000080000000, 0x0000000091900000, 0x00000000d5580000)
  object space 287744K, 55% used [0x0000000080000000,0x0000000089aa0ac8,0x0000000091900000)
 Metaspace       used 109880K, capacity 117202K, committed 117336K, reserved 1150976K
  class space    used 14546K, capacity 15919K, committed 16000K, reserved 1048576K
}
Event: 1608.814 GC heap before
{Heap before GC invocations=28 (full 4):
 PSYoungGen      total 614912K, used 571456K [0x00000000d5580000, 0x0000000100000000, 0x0000000100000000)
  eden space 563712K, 100% used [0x00000000d5580000,0x00000000f7c00000,0x00000000f7c00000)
  from space 51200K, 15% used [0x00000000f7c00000,0x00000000f8390010,0x00000000fae00000)
  to   space 50176K, 0% used [0x00000000fcf00000,0x00000000fcf00000,0x0000000100000000)
 ParOldGen       total 287744K, used 158338K [0x0000000080000000, 0x0000000091900000, 0x00000000d5580000)
  object space 287744K, 55% used [0x0000000080000000,0x0000000089aa0ac8,0x0000000091900000)
 Metaspace       used 109916K, capacity 117270K, committed 117592K, reserved 1150976K
  class space    used 14546K, capacity 15919K, committed 16000K, reserved 1048576K
Event: 1608.826 GC heap after
Heap after GC invocations=28 (full 4):
 PSYoungGen      total 643584K, used 6112K [0x00000000d5580000, 0x00000000ffc00000, 0x0000000100000000)
  eden space 597504K, 0% used [0x00000000d5580000,0x00000000d5580000,0x00000000f9d00000)
  from space 46080K, 13% used [0x00000000fcf00000,0x00000000fd4f8000,0x00000000ffc00000)
  to   space 48640K, 0% used [0x00000000f9d00000,0x00000000f9d00000,0x00000000fcc80000)
 ParOldGen       total 287744K, used 164566K [0x0000000080000000, 0x0000000091900000, 0x00000000d5580000)
  object space 287744K, 57% used [0x0000000080000000,0x000000008a0b5848,0x0000000091900000)
 Metaspace       used 109916K, capacity 117270K, committed 117592K, reserved 1150976K
  class space    used 14546K, capacity 15919K, committed 16000K, reserved 1048576K
}
Event: 1609.712 GC heap before
{Heap before GC invocations=29 (full 4):
 PSYoungGen      total 643584K, used 603616K [0x00000000d5580000, 0x00000000ffc00000, 0x0000000100000000)
  eden space 597504K, 100% used [0x00000000d5580000,0x00000000f9d00000,0x00000000f9d00000)
  from space 46080K, 13% used [0x00000000fcf00000,0x00000000fd4f8000,0x00000000ffc00000)
  to   space 48640K, 0% used [0x00000000f9d00000,0x00000000f9d00000,0x00000000fcc80000)
 ParOldGen       total 287744K, used 164566K [0x0000000080000000, 0x0000000091900000, 0x00000000d5580000)
  object space 287744K, 57% used [0x0000000080000000,0x000000008a0b5848,0x0000000091900000)
 Metaspace       used 109961K, capacity 117278K, committed 117592K, reserved 1150976K
  class space    used 14546K, capacity 15919K, committed 16000K, reserved 1048576K
Event: 1609.727 GC heap after
Heap after GC invocations=29 (full 4):
 PSYoungGen      total 646144K, used 6130K [0x00000000d5580000, 0x0000000100000000, 0x0000000100000000)
  eden space 597504K, 0% used [0x00000000d5580000,0x00000000d5580000,0x00000000f9d00000)
  from space 48640K, 12% used [0x00000000f9d00000,0x00000000fa2fcba0,0x00000000fcc80000)
  to   space 47616K, 0% used [0x00000000fd180000,0x00000000fd180000,0x0000000100000000)
 ParOldGen       total 287744K, used 168837K [0x0000000080000000, 0x0000000091900000, 0x00000000d5580000)
  object space 287744K, 58% used [0x0000000080000000,0x000000008a4e1688,0x0000000091900000)
 Metaspace       used 109961K, capacity 117278K, committed 117592K, reserved 1150976K
  class space    used 14546K, capacity 15919K, committed 16000K, reserved 1048576K
}
Event: 1610.694 GC heap before
{Heap before GC invocations=30 (full 4):
 PSYoungGen      total 646144K, used 603634K [0x00000000d5580000, 0x0000000100000000, 0x0000000100000000)
  eden space 597504K, 100% used [0x00000000d5580000,0x00000000f9d00000,0x00000000f9d00000)
  from space 48640K, 12% used [0x00000000f9d00000,0x00000000fa2fcba0,0x00000000fcc80000)
  to   space 47616K, 0% used [0x00000000fd180000,0x00000000fd180000,0x0000000100000000)
 ParOldGen       total 287744K, used 168837K [0x0000000080000000, 0x0000000091900000, 0x00000000d5580000)
  object space 287744K, 58% used [0x0000000080000000,0x000000008a4e1688,0x0000000091900000)
 Metaspace       used 110052K, capacity 117392K, committed 117592K, reserved 1150976K
  class space    used 14546K, capacity 15920K, committed 16000K, reserved 1048576K
Event: 1610.705 GC heap after
Heap after GC invocations=30 (full 4):
 PSYoungGen      total 646144K, used 5904K [0x00000000d5580000, 0x00000000ffc00000, 0x0000000100000000)
  eden space 602624K, 0% used [0x00000000d5580000,0x00000000d5580000,0x00000000fa200000)
  from space 43520K, 13% used [0x00000000fd180000,0x00000000fd744038,0x00000000ffc00000)
  to   space 46080K, 0% used [0x00000000fa200000,0x00000000fa200000,0x00000000fcf00000)
 ParOldGen       total 287744K, used 172907K [0x0000000080000000, 0x0000000091900000, 0x00000000d5580000)
  object space 287744K, 60% used [0x0000000080000000,0x000000008a8daf48,0x0000000091900000)
 Metaspace       used 110052K, capacity 117392K, committed 117592K, reserved 1150976K
  class space    used 14546K, capacity 15920K, committed 16000K, reserved 1048576K
}

